<?xml version="1.0" encoding="UTF-8"?>
<testng-results ignored="0" total="6" passed="6" failed="0" skipped="0">
  <reporter-output>
    <line>
      <![CDATA[Browser launched successfully]]>
    </line>
    <line>
      <![CDATA[login successful]]>
    </line>
    <line>
      <![CDATA[kids product created]]>
    </line>
    <line>
      <![CDATA[logout successful]]>
    </line>
    <line>
      <![CDATA[login successful]]>
    </line>
    <line>
      <![CDATA[kids product updated]]>
    </line>
    <line>
      <![CDATA[logout successful]]>
    </line>
    <line>
      <![CDATA[login successful]]>
    </line>
    <line>
      <![CDATA[kids product updated]]>
    </line>
    <line>
      <![CDATA[logout successful]]>
    </line>
    <line>
      <![CDATA[Browser closed successfully]]>
    </line>
    <line>
      <![CDATA[Browser launched successfully]]>
    </line>
    <line>
      <![CDATA[login successful]]>
    </line>
    <line>
      <![CDATA[Electronic product created]]>
    </line>
    <line>
      <![CDATA[logout successful]]>
    </line>
    <line>
      <![CDATA[login successful]]>
    </line>
    <line>
      <![CDATA[Electronic product updated]]>
    </line>
    <line>
      <![CDATA[logout successful]]>
    </line>
    <line>
      <![CDATA[login successful]]>
    </line>
    <line>
      <![CDATA[Electronic product updated]]>
    </line>
    <line>
      <![CDATA[logout successful]]>
    </line>
    <line>
      <![CDATA[Browser closed successfully]]>
    </line>
  </reporter-output>
  <suite started-at="2024-11-07T16:19:51 IST" name="RegressionSuite" finished-at="2024-11-07T16:19:51 IST" duration-ms="175">
    <groups>
    </groups>
    <test started-at="2024-11-07T16:19:51 IST" name="ChromeTest" finished-at="2024-11-07T16:19:51 IST" duration-ms="175">
      <class name="com.Ecommerce.instasnap.ProductTest.VerifyKidsProduct">
        <test-method is-config="true" signature="BrowserSetup()[pri:0, instance:com.Ecommerce.instasnap.ProductTest.VerifyKidsProduct@6302bbb1]" started-at="2024-11-07T16:19:51 IST" name="BrowserSetup" finished-at="2024-11-07T16:19:51 IST" duration-ms="13" status="PASS">
          <reporter-output>
            <line>
              <![CDATA[Browser launched successfully]]>
            </line>
          </reporter-output>
        </test-method> <!-- BrowserSetup -->
        <test-method is-config="true" signature="login()[pri:0, instance:com.Ecommerce.instasnap.ProductTest.VerifyKidsProduct@6302bbb1]" started-at="2024-11-07T16:19:51 IST" name="login" finished-at="2024-11-07T16:19:51 IST" duration-ms="1" status="PASS">
          <reporter-output>
            <line>
              <![CDATA[login successful]]>
            </line>
          </reporter-output>
        </test-method> <!-- login -->
        <test-method signature="createProduct()[pri:1, instance:com.Ecommerce.instasnap.ProductTest.VerifyKidsProduct@6302bbb1]" started-at="2024-11-07T16:19:51 IST" name="createProduct" finished-at="2024-11-07T16:19:51 IST" duration-ms="13" status="PASS">
          <reporter-output>
            <line>
              <![CDATA[kids product created]]>
            </line>
          </reporter-output>
        </test-method> <!-- createProduct -->
        <test-method is-config="true" signature="logout()[pri:0, instance:com.Ecommerce.instasnap.ProductTest.VerifyKidsProduct@6302bbb1]" started-at="2024-11-07T16:19:51 IST" name="logout" finished-at="2024-11-07T16:19:51 IST" duration-ms="1" status="PASS">
          <reporter-output>
            <line>
              <![CDATA[logout successful]]>
            </line>
          </reporter-output>
        </test-method> <!-- logout -->
        <test-method is-config="true" signature="login()[pri:0, instance:com.Ecommerce.instasnap.ProductTest.VerifyKidsProduct@6302bbb1]" started-at="2024-11-07T16:19:51 IST" name="login" finished-at="2024-11-07T16:19:51 IST" duration-ms="0" status="PASS">
          <reporter-output>
            <line>
              <![CDATA[login successful]]>
            </line>
          </reporter-output>
        </test-method> <!-- login -->
        <test-method signature="updateProduct()[pri:2, instance:com.Ecommerce.instasnap.ProductTest.VerifyKidsProduct@6302bbb1]" started-at="2024-11-07T16:19:51 IST" name="updateProduct" finished-at="2024-11-07T16:19:51 IST" depends-on-methods="com.Ecommerce.instasnap.ProductTest.VerifyKidsProduct.createProduct" duration-ms="4" status="PASS">
          <reporter-output>
            <line>
              <![CDATA[kids product updated]]>
            </line>
          </reporter-output>
        </test-method> <!-- updateProduct -->
        <test-method is-config="true" signature="logout()[pri:0, instance:com.Ecommerce.instasnap.ProductTest.VerifyKidsProduct@6302bbb1]" started-at="2024-11-07T16:19:51 IST" name="logout" finished-at="2024-11-07T16:19:51 IST" duration-ms="1" status="PASS">
          <reporter-output>
            <line>
              <![CDATA[logout successful]]>
            </line>
          </reporter-output>
        </test-method> <!-- logout -->
        <test-method is-config="true" signature="login()[pri:0, instance:com.Ecommerce.instasnap.ProductTest.VerifyKidsProduct@6302bbb1]" started-at="2024-11-07T16:19:51 IST" name="login" finished-at="2024-11-07T16:19:51 IST" duration-ms="0" status="PASS">
          <reporter-output>
            <line>
              <![CDATA[login successful]]>
            </line>
          </reporter-output>
        </test-method> <!-- login -->
        <test-method signature="updateProduct()[pri:2, instance:com.Ecommerce.instasnap.ProductTest.VerifyKidsProduct@6302bbb1]" started-at="2024-11-07T16:19:51 IST" name="updateProduct" finished-at="2024-11-07T16:19:51 IST" depends-on-methods="com.Ecommerce.instasnap.ProductTest.VerifyKidsProduct.createProduct" duration-ms="6" status="PASS">
          <reporter-output>
            <line>
              <![CDATA[kids product updated]]>
            </line>
          </reporter-output>
        </test-method> <!-- updateProduct -->
        <test-method is-config="true" signature="logout()[pri:0, instance:com.Ecommerce.instasnap.ProductTest.VerifyKidsProduct@6302bbb1]" started-at="2024-11-07T16:19:51 IST" name="logout" finished-at="2024-11-07T16:19:51 IST" duration-ms="1" status="PASS">
          <reporter-output>
            <line>
              <![CDATA[logout successful]]>
            </line>
          </reporter-output>
        </test-method> <!-- logout -->
        <test-method is-config="true" signature="TerminateBrowser()[pri:0, instance:com.Ecommerce.instasnap.ProductTest.VerifyKidsProduct@6302bbb1]" started-at="2024-11-07T16:19:51 IST" name="TerminateBrowser" finished-at="2024-11-07T16:19:51 IST" duration-ms="1" status="PASS">
          <reporter-output>
            <line>
              <![CDATA[Browser closed successfully]]>
            </line>
          </reporter-output>
        </test-method> <!-- TerminateBrowser -->
      </class> <!-- com.Ecommerce.instasnap.ProductTest.VerifyKidsProduct -->
      <class name="com.Ecommerce.instasnap.ProductTest.VerifyElectronicProduct">
        <test-method is-config="true" signature="BrowserSetup()[pri:0, instance:com.Ecommerce.instasnap.ProductTest.VerifyElectronicProduct@368f2016]" started-at="2024-11-07T16:19:51 IST" name="BrowserSetup" finished-at="2024-11-07T16:19:51 IST" duration-ms="2" status="PASS">
          <reporter-output>
            <line>
              <![CDATA[Browser launched successfully]]>
            </line>
          </reporter-output>
        </test-method> <!-- BrowserSetup -->
        <test-method is-config="true" signature="login()[pri:0, instance:com.Ecommerce.instasnap.ProductTest.VerifyElectronicProduct@368f2016]" started-at="2024-11-07T16:19:51 IST" name="login" finished-at="2024-11-07T16:19:51 IST" duration-ms="1" status="PASS">
          <reporter-output>
            <line>
              <![CDATA[login successful]]>
            </line>
          </reporter-output>
        </test-method> <!-- login -->
        <test-method signature="createProduct()[pri:1, instance:com.Ecommerce.instasnap.ProductTest.VerifyElectronicProduct@368f2016]" started-at="2024-11-07T16:19:51 IST" name="createProduct" finished-at="2024-11-07T16:19:51 IST" duration-ms="5" status="PASS">
          <reporter-output>
            <line>
              <![CDATA[Electronic product created]]>
            </line>
          </reporter-output>
        </test-method> <!-- createProduct -->
        <test-method is-config="true" signature="logout()[pri:0, instance:com.Ecommerce.instasnap.ProductTest.VerifyElectronicProduct@368f2016]" started-at="2024-11-07T16:19:51 IST" name="logout" finished-at="2024-11-07T16:19:51 IST" duration-ms="0" status="PASS">
          <reporter-output>
            <line>
              <![CDATA[logout successful]]>
            </line>
          </reporter-output>
        </test-method> <!-- logout -->
        <test-method is-config="true" signature="login()[pri:0, instance:com.Ecommerce.instasnap.ProductTest.VerifyElectronicProduct@368f2016]" started-at="2024-11-07T16:19:51 IST" name="login" finished-at="2024-11-07T16:19:51 IST" duration-ms="1" status="PASS">
          <reporter-output>
            <line>
              <![CDATA[login successful]]>
            </line>
          </reporter-output>
        </test-method> <!-- login -->
        <test-method signature="updateProduct()[pri:2, instance:com.Ecommerce.instasnap.ProductTest.VerifyElectronicProduct@368f2016]" started-at="2024-11-07T16:19:51 IST" name="updateProduct" finished-at="2024-11-07T16:19:51 IST" depends-on-methods="com.Ecommerce.instasnap.ProductTest.VerifyElectronicProduct.createProduct" duration-ms="5" status="PASS">
          <reporter-output>
            <line>
              <![CDATA[Electronic product updated]]>
            </line>
          </reporter-output>
        </test-method> <!-- updateProduct -->
        <test-method is-config="true" signature="logout()[pri:0, instance:com.Ecommerce.instasnap.ProductTest.VerifyElectronicProduct@368f2016]" started-at="2024-11-07T16:19:51 IST" name="logout" finished-at="2024-11-07T16:19:51 IST" duration-ms="1" status="PASS">
          <reporter-output>
            <line>
              <![CDATA[logout successful]]>
            </line>
          </reporter-output>
        </test-method> <!-- logout -->
        <test-method is-config="true" signature="login()[pri:0, instance:com.Ecommerce.instasnap.ProductTest.VerifyElectronicProduct@368f2016]" started-at="2024-11-07T16:19:51 IST" name="login" finished-at="2024-11-07T16:19:51 IST" duration-ms="1" status="PASS">
          <reporter-output>
            <line>
              <![CDATA[login successful]]>
            </line>
          </reporter-output>
        </test-method> <!-- login -->
        <test-method signature="updateProduct()[pri:2, instance:com.Ecommerce.instasnap.ProductTest.VerifyElectronicProduct@368f2016]" started-at="2024-11-07T16:19:51 IST" name="updateProduct" finished-at="2024-11-07T16:19:51 IST" depends-on-methods="com.Ecommerce.instasnap.ProductTest.VerifyElectronicProduct.createProduct" duration-ms="2" status="PASS">
          <reporter-output>
            <line>
              <![CDATA[Electronic product updated]]>
            </line>
          </reporter-output>
        </test-method> <!-- updateProduct -->
        <test-method is-config="true" signature="logout()[pri:0, instance:com.Ecommerce.instasnap.ProductTest.VerifyElectronicProduct@368f2016]" started-at="2024-11-07T16:19:51 IST" name="logout" finished-at="2024-11-07T16:19:51 IST" duration-ms="0" status="PASS">
          <reporter-output>
            <line>
              <![CDATA[logout successful]]>
            </line>
          </reporter-output>
        </test-method> <!-- logout -->
        <test-method is-config="true" signature="TerminateBrowser()[pri:0, instance:com.Ecommerce.instasnap.ProductTest.VerifyElectronicProduct@368f2016]" started-at="2024-11-07T16:19:51 IST" name="TerminateBrowser" finished-at="2024-11-07T16:19:51 IST" duration-ms="1" status="PASS">
          <reporter-output>
            <line>
              <![CDATA[Browser closed successfully]]>
            </line>
          </reporter-output>
        </test-method> <!-- TerminateBrowser -->
      </class> <!-- com.Ecommerce.instasnap.ProductTest.VerifyElectronicProduct -->
    </test> <!-- ChromeTest -->
  </suite> <!-- RegressionSuite -->
</testng-results>
