<?xml version="1.0" encoding="UTF-8"?>
<!-- Generated by org.testng.reporters.JUnitXMLReporter -->
<testsuite ignored="0" hostname="santhosh" failures="0" tests="6" name="ChromeTest" time="0.175" errors="0" timestamp="2024-11-07T16:19:51 IST">
  <testcase classname="com.Ecommerce.instasnap.ProductTest.VerifyKidsProduct" name="createProduct" time="0.013"/>
  <testcase classname="com.Ecommerce.instasnap.ProductTest.VerifyKidsProduct" name="updateProduct" time="0.004"/>
  <testcase classname="com.Ecommerce.instasnap.ProductTest.VerifyKidsProduct" name="updateProduct" time="0.006"/>
  <testcase classname="com.Ecommerce.instasnap.ProductTest.VerifyElectronicProduct" name="createProduct" time="0.005"/>
  <testcase classname="com.Ecommerce.instasnap.ProductTest.VerifyElectronicProduct" name="updateProduct" time="0.005"/>
  <testcase classname="com.Ecommerce.instasnap.ProductTest.VerifyElectronicProduct" name="updateProduct" time="0.002"/>
</testsuite> <!-- ChromeTest -->
